\BOOKMARK [1][-]{section.0.1}{Introduction}{}% 1
\BOOKMARK [1][-]{section.0.2}{Manifold Regularization}{}% 2
\BOOKMARK [1][-]{section.0.3}{Data}{}% 3
\BOOKMARK [2][-]{subsection.0.3.1}{Signed Distance Functions}{section.0.3}% 4
\BOOKMARK [1][-]{section.0.4}{Experiment}{}% 5
\BOOKMARK [2][-]{subsection.0.4.1}{Goals}{section.0.4}% 6
\BOOKMARK [2][-]{subsection.0.4.2}{Training/Test Split}{section.0.4}% 7
\BOOKMARK [2][-]{subsection.0.4.3}{Cross-Validation and Parameter Tuning}{section.0.4}% 8
\BOOKMARK [2][-]{subsection.0.4.4}{Multiple Trials}{section.0.4}% 9
\BOOKMARK [2][-]{subsection.0.4.5}{Mild and Harsh Conditions}{section.0.4}% 10
\BOOKMARK [2][-]{subsection.0.4.6}{Algorithm Comparison}{section.0.4}% 11
\BOOKMARK [1][-]{section.0.5}{Results}{}% 12
\BOOKMARK [2][-]{subsection.0.5.1}{Effect of Regularization}{section.0.5}% 13
\BOOKMARK [2][-]{subsection.0.5.2}{Comparison of Features for Manifold Regularization}{section.0.5}% 14
\BOOKMARK [2][-]{subsection.0.5.3}{Comparison of Features for kNN}{section.0.5}% 15
\BOOKMARK [2][-]{subsection.0.5.4}{Comparison of Manifold Regularization and kNN}{section.0.5}% 16
\BOOKMARK [1][-]{section.0.6}{Discussion and Summary}{}% 17
\BOOKMARK [2][-]{subsection.0.6.1}{LapRLS vs. RLS}{section.0.6}% 18
\BOOKMARK [2][-]{subsection.0.6.2}{Manifold Regularization vs. kNN}{section.0.6}% 19
\BOOKMARK [2][-]{subsection.0.6.3}{SDF Features vs. Image Features}{section.0.6}% 20
